<?xml version="1.0" encoding="UTF-8"?>
<testsuite name="com.test.UnitTest" tests="2" skipped="0" failures="0" errors="0" timestamp="2020-04-03T17:57:21" hostname="ubuntu-jenkins" time="0.017">
  <properties/>
  <testcase name="test" classname="com.test.UnitTest" time="0.012"/>
  <testcase name="testAppHasAGreeting" classname="com.test.UnitTest" time="0.001"/>
  <system-out><![CDATA[test
]]></system-out>
  <system-err><![CDATA[]]></system-err>
</testsuite>
