<?xml version='1.1' encoding='UTF-8'?>
<result plugin="junit@1.28">
  <suites>
    <suite>
      <file>/var/jenkins_home/workspace/module-5-abatura-build-scheduled/home-task/build/test-results/test/TEST-com.test.UnitTest.xml</file>
      <name>com.test.UnitTest</name>
      <stdout>test
</stdout>
      <stderr></stderr>
      <duration>0.02</duration>
      <timestamp>2020-04-05T10:07:56</timestamp>
      <time>0.02</time>
      <enclosingBlocks/>
      <enclosingBlockNames/>
      <cases>
        <case>
          <duration>0.015</duration>
          <className>com.test.UnitTest</className>
          <testName>test</testName>
          <skipped>false</skipped>
          <failedSince>0</failedSince>
        </case>
        <case>
          <duration>0.001</duration>
          <className>com.test.UnitTest</className>
          <testName>testAppHasAGreeting</testName>
          <skipped>false</skipped>
          <failedSince>0</failedSince>
        </case>
      </cases>
    </suite>
  </suites>
  <duration>0.02</duration>
  <keepLongStdio>false</keepLongStdio>
</result>